[2020-08-28 16:55:23,143] [log.py:228] [log:log_response] [WARNING]- Not Found: /favicon.ico
[2020-08-28 17:58:19,251] [log.py:228] [log:log_response] [WARNING]- Not Found: /favicon.ico
[2020-08-28 18:00:49,894] [log.py:228] [log:log_response] [WARNING]- Not Found: /favicon.ico
[2020-08-28 18:00:54,144] [log.py:228] [log:log_response] [WARNING]- Not Found: /favicon.ico
[2020-08-28 18:09:44,513] [log.py:228] [log:log_response] [WARNING]- Not Found: /vicidial/admin.php
[2020-08-28 19:16:30,642] [log.py:228] [log:log_response] [WARNING]- Not Found: /manager/text/list
[2020-08-28 19:29:14,184] [log.py:228] [log:log_response] [WARNING]- Not Found: /favicon.ico
[2020-08-28 21:23:16,910] [log.py:228] [log:log_response] [WARNING]- Not Found: /manager/html
[2020-08-28 22:01:27,963] [log.py:228] [log:log_response] [WARNING]- Not Found: /robots.txt
[2020-08-28 22:04:13,338] [log.py:228] [log:log_response] [WARNING]- Not Found: /robots.txt
[2020-08-28 23:44:45,884] [log.py:228] [log:log_response] [WARNING]- Not Found: /portal/redlion
[2020-08-29 04:54:49,852] [log.py:228] [log:log_response] [WARNING]- Not Found: /QUERY/en-us/msdn/
[2020-08-29 09:34:05,269] [log.py:228] [log:log_response] [WARNING]- Not Found: /favicon.ico
[2020-08-29 13:02:50,056] [log.py:228] [log:log_response] [WARNING]- Not Found: /phpmyadmin/
[2020-08-29 15:39:06,264] [log.py:228] [log:log_response] [WARNING]- Not Found: /hudson
[2020-08-29 15:49:58,286] [log.py:228] [log:log_response] [WARNING]- Not Found: /favicon.ico
[2020-08-29 15:51:23,399] [log.py:228] [log:log_response] [WARNING]- Not Found: /favicon.ico
[2020-08-29 15:51:39,206] [log.py:228] [log:log_response] [WARNING]- Not Found: /favicon.ico
[2020-08-29 15:51:58,460] [log.py:228] [log:log_response] [WARNING]- Not Found: /favicon.ico
[2020-08-29 15:52:10,700] [log.py:228] [log:log_response] [WARNING]- Not Found: /favicon.ico
[2020-08-29 15:54:28,686] [log.py:228] [log:log_response] [WARNING]- Not Found: /favicon.ico
[2020-08-29 15:55:35,889] [log.py:228] [log:log_response] [WARNING]- Not Found: /favicon.ico
[2020-08-29 15:56:19,980] [log.py:228] [log:log_response] [WARNING]- Not Found: /favicon.ico
[2020-08-29 15:57:58,869] [log.py:228] [log:log_response] [WARNING]- Not Found: /www.baidu.com
[2020-08-29 19:20:55,690] [log.py:228] [log:log_response] [WARNING]- Not Found: /wp-includes/wlwmanifest.xml
[2020-08-29 19:20:56,160] [log.py:228] [log:log_response] [WARNING]- Not Found: /xmlrpc.php
[2020-08-29 19:20:57,534] [log.py:228] [log:log_response] [WARNING]- Not Found: /blog/wp-includes/wlwmanifest.xml
[2020-08-29 19:20:58,003] [log.py:228] [log:log_response] [WARNING]- Not Found: /web/wp-includes/wlwmanifest.xml
[2020-08-29 19:20:58,518] [log.py:228] [log:log_response] [WARNING]- Not Found: /wordpress/wp-includes/wlwmanifest.xml
[2020-08-29 19:20:58,990] [log.py:228] [log:log_response] [WARNING]- Not Found: /website/wp-includes/wlwmanifest.xml
[2020-08-29 19:20:59,475] [log.py:228] [log:log_response] [WARNING]- Not Found: /wp/wp-includes/wlwmanifest.xml
[2020-08-29 19:21:00,642] [log.py:228] [log:log_response] [WARNING]- Not Found: /news/wp-includes/wlwmanifest.xml
[2020-08-29 19:21:03,785] [log.py:228] [log:log_response] [WARNING]- Not Found: /2018/wp-includes/wlwmanifest.xml
[2020-08-29 19:21:05,868] [log.py:228] [log:log_response] [WARNING]- Not Found: /2019/wp-includes/wlwmanifest.xml
[2020-08-29 19:21:06,729] [log.py:228] [log:log_response] [WARNING]- Not Found: /shop/wp-includes/wlwmanifest.xml
[2020-08-29 19:21:07,211] [log.py:228] [log:log_response] [WARNING]- Not Found: /wp1/wp-includes/wlwmanifest.xml
[2020-08-29 19:21:07,614] [log.py:228] [log:log_response] [WARNING]- Not Found: /test/wp-includes/wlwmanifest.xml
[2020-08-29 19:21:08,165] [log.py:228] [log:log_response] [WARNING]- Not Found: /media/wp-includes/wlwmanifest.xml
[2020-08-29 19:21:08,649] [log.py:228] [log:log_response] [WARNING]- Not Found: /wp2/wp-includes/wlwmanifest.xml
[2020-08-29 19:21:09,083] [log.py:228] [log:log_response] [WARNING]- Not Found: /site/wp-includes/wlwmanifest.xml
[2020-08-29 19:21:09,562] [log.py:228] [log:log_response] [WARNING]- Not Found: /cms/wp-includes/wlwmanifest.xml
[2020-08-29 19:21:09,981] [log.py:228] [log:log_response] [WARNING]- Not Found: /sito/wp-includes/wlwmanifest.xml
[2020-08-29 22:38:59,385] [log.py:228] [log:log_response] [WARNING]- Not Found: /favicon.ico
[2020-08-29 22:39:13,409] [log.py:228] [log:log_response] [WARNING]- Not Found: /www.baidu.com
[2020-08-29 22:40:10,649] [log.py:228] [log:log_response] [WARNING]- Not Found: /favicon.ico
[2020-08-30 01:54:04,984] [log.py:228] [log:log_response] [WARNING]- Not Found: /portal/redlion
[2020-08-30 05:05:17,331] [log.py:228] [log:log_response] [WARNING]- Not Found: /config/getuser
[2020-08-30 06:14:02,606] [log.py:228] [log:log_response] [WARNING]- Not Found: /phpmyadmin/
[2020-08-30 08:04:45,819] [log.py:228] [log:log_response] [WARNING]- Not Found: /shell
[2020-08-30 09:12:31,768] [log.py:228] [log:log_response] [WARNING]- Not Found: /wp-includes/wlwmanifest.xml
[2020-08-30 09:12:32,228] [log.py:228] [log:log_response] [WARNING]- Not Found: /xmlrpc.php
[2020-08-30 09:12:33,500] [log.py:228] [log:log_response] [WARNING]- Not Found: /blog/wp-includes/wlwmanifest.xml
[2020-08-30 09:12:33,911] [log.py:228] [log:log_response] [WARNING]- Not Found: /web/wp-includes/wlwmanifest.xml
[2020-08-30 09:12:34,321] [log.py:228] [log:log_response] [WARNING]- Not Found: /wordpress/wp-includes/wlwmanifest.xml
[2020-08-30 09:12:34,798] [log.py:228] [log:log_response] [WARNING]- Not Found: /website/wp-includes/wlwmanifest.xml
[2020-08-30 09:12:35,244] [log.py:228] [log:log_response] [WARNING]- Not Found: /wp/wp-includes/wlwmanifest.xml
[2020-08-30 09:12:35,684] [log.py:228] [log:log_response] [WARNING]- Not Found: /news/wp-includes/wlwmanifest.xml
[2020-08-30 09:12:36,680] [log.py:228] [log:log_response] [WARNING]- Not Found: /2018/wp-includes/wlwmanifest.xml
[2020-08-30 09:12:37,099] [log.py:228] [log:log_response] [WARNING]- Not Found: /2019/wp-includes/wlwmanifest.xml
[2020-08-30 09:12:37,546] [log.py:228] [log:log_response] [WARNING]- Not Found: /shop/wp-includes/wlwmanifest.xml
[2020-08-30 09:12:37,954] [log.py:228] [log:log_response] [WARNING]- Not Found: /wp1/wp-includes/wlwmanifest.xml
[2020-08-30 09:12:38,364] [log.py:228] [log:log_response] [WARNING]- Not Found: /test/wp-includes/wlwmanifest.xml
[2020-08-30 09:12:38,771] [log.py:228] [log:log_response] [WARNING]- Not Found: /media/wp-includes/wlwmanifest.xml
[2020-08-30 09:12:39,196] [log.py:228] [log:log_response] [WARNING]- Not Found: /wp2/wp-includes/wlwmanifest.xml
[2020-08-30 09:12:39,604] [log.py:228] [log:log_response] [WARNING]- Not Found: /site/wp-includes/wlwmanifest.xml
[2020-08-30 09:12:40,012] [log.py:228] [log:log_response] [WARNING]- Not Found: /cms/wp-includes/wlwmanifest.xml
[2020-08-30 09:12:41,008] [log.py:228] [log:log_response] [WARNING]- Not Found: /sito/wp-includes/wlwmanifest.xml
[2020-08-30 10:08:29,701] [log.py:228] [log:log_response] [WARNING]- Not Found: /wp-includes/wlwmanifest.xml
[2020-08-30 10:08:30,451] [log.py:228] [log:log_response] [WARNING]- Not Found: /xmlrpc.php
[2020-08-30 10:08:31,679] [log.py:228] [log:log_response] [WARNING]- Not Found: /blog/wp-includes/wlwmanifest.xml
[2020-08-30 10:08:32,191] [log.py:228] [log:log_response] [WARNING]- Not Found: /web/wp-includes/wlwmanifest.xml
[2020-08-30 10:08:32,493] [log.py:228] [log:log_response] [WARNING]- Not Found: /wordpress/wp-includes/wlwmanifest.xml
[2020-08-30 10:08:32,975] [log.py:228] [log:log_response] [WARNING]- Not Found: /website/wp-includes/wlwmanifest.xml
[2020-08-30 10:08:33,415] [log.py:228] [log:log_response] [WARNING]- Not Found: /wp/wp-includes/wlwmanifest.xml
[2020-08-30 10:08:33,980] [log.py:228] [log:log_response] [WARNING]- Not Found: /news/wp-includes/wlwmanifest.xml
[2020-08-30 10:08:34,345] [log.py:228] [log:log_response] [WARNING]- Not Found: /2018/wp-includes/wlwmanifest.xml
[2020-08-30 10:08:34,629] [log.py:228] [log:log_response] [WARNING]- Not Found: /2019/wp-includes/wlwmanifest.xml
[2020-08-30 10:08:34,919] [log.py:228] [log:log_response] [WARNING]- Not Found: /shop/wp-includes/wlwmanifest.xml
[2020-08-30 10:08:35,228] [log.py:228] [log:log_response] [WARNING]- Not Found: /wp1/wp-includes/wlwmanifest.xml
[2020-08-30 10:08:35,636] [log.py:228] [log:log_response] [WARNING]- Not Found: /test/wp-includes/wlwmanifest.xml
[2020-08-30 10:08:36,027] [log.py:228] [log:log_response] [WARNING]- Not Found: /media/wp-includes/wlwmanifest.xml
[2020-08-30 10:08:36,438] [log.py:228] [log:log_response] [WARNING]- Not Found: /wp2/wp-includes/wlwmanifest.xml
[2020-08-30 10:08:36,867] [log.py:228] [log:log_response] [WARNING]- Not Found: /site/wp-includes/wlwmanifest.xml
[2020-08-30 10:08:37,278] [log.py:228] [log:log_response] [WARNING]- Not Found: /cms/wp-includes/wlwmanifest.xml
[2020-08-30 10:08:37,692] [log.py:228] [log:log_response] [WARNING]- Not Found: /sito/wp-includes/wlwmanifest.xml
[2020-08-30 12:18:59,134] [log.py:228] [log:log_response] [WARNING]- Not Found: /favicon.ico
[2020-08-30 12:21:49,439] [log.py:228] [log:log_response] [WARNING]- Not Found: /favicon.ico
[2020-08-30 14:09:51,993] [log.py:228] [log:log_response] [WARNING]- Not Found: /favicon.ico
[2020-08-30 15:43:14,954] [log.py:228] [log:log_response] [WARNING]- Not Found: /config/getuser
[2020-08-30 16:26:21,369] [log.py:228] [log:log_response] [WARNING]- Not Found: /404.html
