[2020-08-10 23:13:24,934] [log.py:228] [log:log_response] [WARNING]- Not Found: /boaform/admin/formLogin
[2020-08-11 00:17:12,029] [log.py:228] [log:log_response] [WARNING]- Not Found: /manager/text/list
[2020-08-11 01:42:20,677] [log.py:228] [log:log_response] [WARNING]- Not Found: /config/getuser
[2020-08-11 02:06:40,771] [log.py:228] [log:log_response] [WARNING]- Not Found: /phpmyadmin/
[2020-08-11 04:01:03,535] [log.py:228] [log:log_response] [WARNING]- Not Found: /phpmyadmin/
[2020-08-11 04:53:16,330] [log.py:228] [log:log_response] [WARNING]- Not Found: /boaform/admin/formLogin
[2020-08-11 06:49:51,907] [log.py:228] [log:log_response] [WARNING]- Not Found: /boaform/admin/formLogin
[2020-08-11 08:50:57,321] [log.py:228] [log:log_response] [WARNING]- Not Found: /config/getuser
[2020-08-11 09:13:47,970] [log.py:228] [log:log_response] [WARNING]- Not Found: /config/getuser
[2020-08-11 10:42:58,714] [log.py:228] [log:log_response] [WARNING]- Not Found: /phpMyAdmin/scripts/setup.php
[2020-08-11 10:43:06,932] [log.py:228] [log:log_response] [WARNING]- Not Found: /hd.php
[2020-08-11 10:43:07,591] [log.py:228] [log:log_response] [WARNING]- Not Found: /no1.php
[2020-08-11 10:43:10,722] [log.py:228] [log:log_response] [WARNING]- Not Found: /zzz.php
[2020-08-11 10:43:10,854] [log.py:228] [log:log_response] [WARNING]- Not Found: /1ts.php
[2020-08-11 10:43:16,621] [log.py:228] [log:log_response] [WARNING]- Not Found: /wc.php
[2020-08-11 10:43:58,776] [log.py:228] [log:log_response] [WARNING]- Not Found: /web/phpMyAdmin/index.php
[2020-08-11 10:43:58,824] [log.py:228] [log:log_response] [WARNING]- Not Found: /admin/PMA/index.php
[2020-08-11 10:43:59,000] [log.py:228] [log:log_response] [WARNING]- Not Found: /mysqladmin/index.php
[2020-08-11 10:44:02,623] [log.py:228] [log:log_response] [WARNING]- Not Found: /phpMyAdmin.old/index.php
[2020-08-11 10:44:03,889] [log.py:228] [log:log_response] [WARNING]- Not Found: /WWW/phpMyAdmin/index.php
[2020-08-11 13:04:52,569] [log.py:228] [log:log_response] [WARNING]- Not Found: /boaform/admin/formLogin
[2020-08-11 16:44:08,206] [log.py:228] [log:log_response] [WARNING]- Not Found: /config/getuser
[2020-08-11 21:16:20,754] [log.py:228] [log:log_response] [WARNING]- Not Found: /manager/html
[2020-08-11 23:07:55,428] [log.py:228] [log:log_response] [WARNING]- Not Found: /boaform/admin/formLogin
[2020-08-12 01:53:29,068] [log.py:228] [log:log_response] [WARNING]- Not Found: /config/getuser
[2020-08-12 03:15:30,309] [log.py:228] [log:log_response] [WARNING]- Not Found: /boaform/admin/formLogin
[2020-08-12 03:17:04,504] [log.py:228] [log:log_response] [WARNING]- Not Found: /webfig/
[2020-08-12 03:59:30,967] [log.py:228] [log:log_response] [WARNING]- Not Found: /config/getuser
[2020-08-12 05:06:17,869] [log.py:228] [log:log_response] [WARNING]- Not Found: /config/getuser
[2020-08-12 07:32:32,415] [log.py:228] [log:log_response] [WARNING]- Not Found: /boaform/admin/formLogin
[2020-08-12 08:36:49,312] [log.py:228] [log:log_response] [WARNING]- Not Found: /config/getuser
[2020-08-12 10:30:00,557] [log.py:228] [log:log_response] [WARNING]- Not Found: /boaform/admin/formLogin
[2020-08-12 10:37:54,611] [log.py:228] [log:log_response] [WARNING]- Not Found: /phpmyadmin/
[2020-08-12 11:18:52,246] [log.py:228] [log:log_response] [WARNING]- Not Found: /boaform/admin/formLogin
[2020-08-12 12:59:35,147] [log.py:228] [log:log_response] [WARNING]- Not Found: /w00tw00t.at.blackhats.romanian.anti-sec:)
[2020-08-12 12:59:38,312] [log.py:228] [log:log_response] [WARNING]- Not Found: /phpmyadmin/scripts/setup.php
[2020-08-12 12:59:38,865] [log.py:228] [log:log_response] [WARNING]- Not Found: /pma/scripts/setup.php
[2020-08-12 12:59:39,813] [log.py:228] [log:log_response] [WARNING]- Not Found: /myadmin/scripts/setup.php
[2020-08-12 13:57:20,200] [log.py:228] [log:log_response] [WARNING]- Not Found: /config/getuser
[2020-08-12 17:58:35,734] [log.py:228] [log:log_response] [WARNING]- Not Found: /Telerik.Web.UI.WebResource.axd
[2020-08-12 20:45:25,449] [log.py:228] [log:log_response] [WARNING]- Not Found: /phpmyadmin/
[2020-08-12 21:47:26,975] [log.py:228] [log:log_response] [WARNING]- Not Found: /robots.txt
[2020-08-12 21:47:28,760] [log.py:228] [log:log_response] [WARNING]- Not Found: /sitemap.xml
[2020-08-12 21:47:32,104] [log.py:228] [log:log_response] [WARNING]- Not Found: /.well-known/security.txt
[2020-08-12 21:47:32,880] [log.py:228] [log:log_response] [WARNING]- Not Found: /favicon.ico
[2020-08-12 23:09:47,132] [log.py:228] [log:log_response] [WARNING]- Not Found: /boaform/admin/formLogin
[2020-08-12 23:59:52,944] [log.py:228] [log:log_response] [WARNING]- Not Found: /config/getuser
[2020-08-13 00:43:10,607] [log.py:228] [log:log_response] [WARNING]- Not Found: /boaform/admin/formLogin
[2020-08-13 03:46:01,162] [log.py:228] [log:log_response] [WARNING]- Not Found: /config/getuser
[2020-08-13 04:36:34,208] [log.py:228] [log:log_response] [WARNING]- Not Found: /config/getuser
[2020-08-13 05:24:22,795] [log.py:228] [log:log_response] [WARNING]- Not Found: /robots.txt
[2020-08-13 05:24:23,131] [log.py:228] [log:log_response] [WARNING]- Not Found: /sitemap.xml
[2020-08-13 05:24:23,472] [log.py:228] [log:log_response] [WARNING]- Not Found: /.well-known/security.txt
[2020-08-13 05:24:24,652] [log.py:228] [log:log_response] [WARNING]- Not Found: /favicon.ico
[2020-08-13 17:59:39,621] [log.py:228] [log:log_response] [WARNING]- Not Found: /boaform/admin/formLogin
[2020-08-13 19:46:17,444] [log.py:228] [log:log_response] [WARNING]- Not Found: /boaform/admin/formLogin
[2020-08-14 06:33:01,994] [log.py:228] [log:log_response] [WARNING]- Not Found: /boaform/admin/formLogin
[2020-08-14 11:23:57,572] [log.py:228] [log:log_response] [WARNING]- Not Found: /boaform/admin/formLogin
[2020-08-14 12:39:03,048] [log.py:228] [log:log_response] [WARNING]- Not Found: /boaform/admin/formLogin
[2020-08-14 13:13:23,610] [log.py:228] [log:log_response] [WARNING]- Not Found: /solr/
[2020-08-14 17:12:58,075] [log.py:228] [log:log_response] [WARNING]- Not Found: /boaform/admin/formLogin
[2020-08-14 20:16:55,394] [log.py:228] [log:log_response] [WARNING]- Not Found: /boaform/admin/formLogin
[2020-08-14 22:14:22,291] [log.py:228] [log:log_response] [WARNING]- Not Found: /boaform/admin/formLogin
[2020-08-14 23:23:40,144] [log.py:228] [log:log_response] [WARNING]- Not Found: /boaform/admin/formLogin
[2020-08-15 03:25:09,078] [log.py:228] [log:log_response] [WARNING]- Not Found: /w00tw00t.at.blackhats.romanian.anti-sec:)
[2020-08-15 03:25:09,407] [log.py:228] [log:log_response] [WARNING]- Not Found: /phpMyAdmin-2/scripts/setup.php
[2020-08-15 03:25:09,762] [log.py:228] [log:log_response] [WARNING]- Not Found: /my/scripts/setup.php
[2020-08-15 03:25:10,100] [log.py:228] [log:log_response] [WARNING]- Not Found: /MyAdmin/scripts/setup.php
[2020-08-15 03:25:10,448] [log.py:228] [log:log_response] [WARNING]- Not Found: /PHPMYADMIN/scripts/setup.php
[2020-08-15 03:25:10,790] [log.py:228] [log:log_response] [WARNING]- Not Found: /db/scripts/setup.php
[2020-08-15 03:25:11,137] [log.py:228] [log:log_response] [WARNING]- Not Found: /dbadmin/scripts/setup.php
[2020-08-15 03:25:11,479] [log.py:228] [log:log_response] [WARNING]- Not Found: /myadmin/scripts/setup.php
[2020-08-15 03:25:11,817] [log.py:228] [log:log_response] [WARNING]- Not Found: /mysql/scripts/setup.php
[2020-08-15 03:25:12,170] [log.py:228] [log:log_response] [WARNING]- Not Found: /mysqladmin/scripts/setup.php
[2020-08-15 03:25:12,501] [log.py:228] [log:log_response] [WARNING]- Not Found: /pHpMyAdMiN/scripts/setup.php
[2020-08-15 03:25:12,859] [log.py:228] [log:log_response] [WARNING]- Not Found: /phpMyAdmin/scripts/setup.php
[2020-08-15 03:25:13,188] [log.py:228] [log:log_response] [WARNING]- Not Found: /phpadmin/scripts/setup.php
[2020-08-15 03:25:14,531] [log.py:228] [log:log_response] [WARNING]- Not Found: /phpmyadmin/scripts/setup.php
[2020-08-15 03:25:14,874] [log.py:228] [log:log_response] [WARNING]- Not Found: /sqladm/scripts/setup.php
[2020-08-15 03:25:15,216] [log.py:228] [log:log_response] [WARNING]- Not Found: /sqladmin/scripts/setup.php
[2020-08-15 03:25:15,559] [log.py:228] [log:log_response] [WARNING]- Not Found: /phpmyadmin/scripts/db.init.php
[2020-08-15 03:25:16,898] [log.py:228] [log:log_response] [WARNING]- Not Found: /phpMyAdmin/scripts/db.init.php
[2020-08-15 03:25:17,242] [log.py:228] [log:log_response] [WARNING]- Not Found: /MyAdmin/scripts/setup.php
[2020-08-15 03:25:17,583] [log.py:228] [log:log_response] [WARNING]- Not Found: /database/scripts/setup.php
[2020-08-15 03:25:17,916] [log.py:228] [log:log_response] [WARNING]- Not Found: /phpAdmin/scripts/setup.php
[2020-08-15 03:25:18,271] [log.py:228] [log:log_response] [WARNING]- Not Found: /phpmyadmin1/scripts/setup.php
[2020-08-15 03:25:18,612] [log.py:228] [log:log_response] [WARNING]- Not Found: /phpmyadmin2/scripts/setup.php
[2020-08-15 03:25:19,955] [log.py:228] [log:log_response] [WARNING]- Not Found: /pma/scripts/setup.php
[2020-08-15 03:25:20,767] [log.py:228] [log:log_response] [WARNING]- Not Found: /scripts/setup.php
[2020-08-15 03:25:21,121] [log.py:228] [log:log_response] [WARNING]- Not Found: /setup.php
[2020-08-15 03:36:36,031] [log.py:228] [log:log_response] [WARNING]- Not Found: /boaform/admin/formLogin
[2020-08-15 06:18:02,932] [log.py:228] [log:log_response] [WARNING]- Not Found: /js/guest.js
[2020-08-15 06:18:02,935] [log.py:228] [log:log_response] [WARNING]- Not Found: /404.html
[2020-08-15 06:18:02,949] [log.py:228] [log:log_response] [WARNING]- Not Found: /jsonpublic/selectAddtion.asp
[2020-08-15 06:18:02,953] [log.py:228] [log:log_response] [WARNING]- Not Found: /Resource/webResource/js/newcheck.js
[2020-08-15 06:18:02,966] [log.py:228] [log:log_response] [WARNING]- Not Found: /db/admin_yly.sql
[2020-08-15 06:18:02,976] [log.py:228] [log:log_response] [WARNING]- Not Found: /index2.php
[2020-08-15 06:18:02,999] [log.py:228] [log:log_response] [WARNING]- Not Found: /gai/ucms/login.php
[2020-08-15 06:18:03,001] [log.py:228] [log:log_response] [WARNING]- Not Found: /Public/Manage/js/cvphp.js
[2020-08-15 06:18:03,003] [log.py:228] [log:log_response] [WARNING]- Not Found: /404.html
[2020-08-15 06:18:03,012] [log.py:228] [log:log_response] [WARNING]- Not Found: /lateron.asp
[2020-08-15 06:18:03,015] [log.py:228] [log:log_response] [WARNING]- Not Found: /resources/main/common.js
[2020-08-15 06:18:03,017] [log.py:228] [log:log_response] [WARNING]- Not Found: /js/sms.js
[2020-08-15 06:18:03,020] [log.py:228] [log:log_response] [WARNING]- Not Found: /Loan/SubmitLogin
[2020-08-15 06:18:03,021] [log.py:228] [log:log_response] [WARNING]- Not Found: /source/pack/upload/install/ios.php
[2020-08-15 06:18:03,023] [log.py:228] [log:log_response] [WARNING]- Not Found: /Public/mobile/js/config.js
[2020-08-15 06:18:03,024] [log.py:228] [log:log_response] [WARNING]- Not Found: /Template/Home/Run/record.html
[2020-08-15 06:18:03,025] [log.py:228] [log:log_response] [WARNING]- Not Found: /views/bank/bank.html
[2020-08-15 06:18:03,030] [log.py:228] [log:log_response] [WARNING]- Not Found: /cloud-app/include/css/uncall.css
[2020-08-15 06:18:03,033] [log.py:228] [log:log_response] [WARNING]- Not Found: /Six/Js/class_12.js
[2020-08-15 06:18:03,036] [log.py:228] [log:log_response] [WARNING]- Not Found: /pczs/js/trendChart.js
[2020-08-15 06:18:03,038] [log.py:228] [log:log_response] [WARNING]- Not Found: /js/room.js
[2020-08-15 06:18:03,040] [log.py:228] [log:log_response] [WARNING]- Not Found: /404.html
[2020-08-15 06:18:03,062] [log.py:228] [log:log_response] [WARNING]- Not Found: /index/index/register1/type/1.html
[2020-08-15 06:18:03,071] [log.py:228] [log:log_response] [WARNING]- Not Found: /api/v1/member/home
[2020-08-15 06:18:03,073] [log.py:228] [log:log_response] [WARNING]- Not Found: /Public/Home/statics/web/js/style.js
[2020-08-15 06:18:03,079] [log.py:228] [log:log_response] [WARNING]- Not Found: /404.html
[2020-08-15 06:18:03,086] [log.py:228] [log:log_response] [WARNING]- Not Found: /views/ucenter/ucenter.js
[2020-08-15 06:18:03,089] [log.py:228] [log:log_response] [WARNING]- Not Found: /Public/home/appjs/Index.js
[2020-08-15 06:18:03,095] [log.py:228] [log:log_response] [WARNING]- Not Found: /Application/Basic/Static/css/customerselect.css
[2020-08-15 06:18:03,097] [log.py:228] [log:log_response] [WARNING]- Not Found: /Pay/index.php
[2020-08-15 06:18:03,097] [log.py:228] [log:log_response] [WARNING]- Not Found: /index.php
[2020-08-15 06:18:03,105] [log.py:228] [log:log_response] [WARNING]- Not Found: /Public/app/js/cvphp.js
[2020-08-15 06:18:03,119] [log.py:228] [log:log_response] [WARNING]- Not Found: /Public/Wchat/js/cvphp.js
[2020-08-15 06:18:03,121] [log.py:228] [log:log_response] [WARNING]- Not Found: /index3.php
[2020-08-15 06:18:03,132] [log.py:228] [log:log_response] [WARNING]- Not Found: /phpcms/modules/member/touzi.php
[2020-08-15 06:18:03,143] [log.py:228] [log:log_response] [WARNING]- Not Found: /app/common.js
[2020-08-15 06:18:03,144] [log.py:228] [log:log_response] [WARNING]- Not Found: /11.txt
[2020-08-15 06:18:03,150] [log.py:228] [log:log_response] [WARNING]- Not Found: /Public/js/chatmsg.js
[2020-08-15 06:18:03,154] [log.py:228] [log:log_response] [WARNING]- Not Found: /mindex/statics/js/qiandao.js
[2020-08-15 06:35:01,377] [log.py:228] [log:log_response] [WARNING]- Not Found: /boaform/admin/formLogin
[2020-08-15 07:52:59,933] [log.py:228] [log:log_response] [WARNING]- Not Found: /index/index.php
[2020-08-15 10:56:34,945] [log.py:228] [log:log_response] [WARNING]- Not Found: /phpmyadmin/
[2020-08-15 13:02:03,994] [log.py:228] [log:log_response] [WARNING]- Not Found: /favicon.ico
[2020-08-15 13:56:57,785] [log.py:228] [log:log_response] [WARNING]- Not Found: /portal/redlion
[2020-08-15 19:07:18,815] [log.py:228] [log:log_response] [WARNING]- Not Found: /.git/HEAD
[2020-08-16 01:49:42,465] [log.py:228] [log:log_response] [WARNING]- Not Found: /config/getuser
[2020-08-16 06:12:48,559] [log.py:228] [log:log_response] [WARNING]- Not Found: /boaform/admin/formLogin
[2020-08-16 16:56:06,726] [log.py:228] [log:log_response] [WARNING]- Not Found: /.git/HEAD
[2020-08-16 22:57:03,968] [log.py:228] [log:log_response] [WARNING]- Not Found: /shell
[2020-08-17 00:26:52,707] [log.py:228] [log:log_response] [WARNING]- Not Found: /boaform/admin/formLogin
[2020-08-17 06:03:44,001] [log.py:228] [log:log_response] [WARNING]- Not Found: /webfig/
[2020-08-17 07:22:34,872] [log.py:228] [log:log_response] [WARNING]- Not Found: /config/getuser
[2020-08-17 09:18:05,584] [log.py:228] [log:log_response] [WARNING]- Not Found: /explicit_not_exist_path
[2020-08-17 09:18:05,698] [log.py:228] [log:log_response] [WARNING]- Not Found: /index.html
[2020-08-17 09:18:05,746] [log.py:228] [log:log_response] [WARNING]- Not Found: /index.php
[2020-08-17 09:18:05,797] [log.py:228] [log:log_response] [WARNING]- Not Found: /index.jsp
[2020-08-17 09:18:06,245] [log.py:228] [log:log_response] [WARNING]- Not Found: /favicon.ico
[2020-08-17 09:18:06,336] [log.py:228] [log:log_response] [WARNING]- Not Found: /robots.txt
[2020-08-17 09:18:06,520] [log.py:228] [log:log_response] [WARNING]- Not Found: /404.html
[2020-08-17 09:18:06,559] [log.py:228] [log:log_response] [WARNING]- Not Found: /404.html
[2020-08-17 09:18:06,878] [log.py:228] [log:log_response] [WARNING]- Not Found: /404.html
[2020-08-17 09:18:06,918] [log.py:228] [log:log_response] [WARNING]- Not Found: /500.html
[2020-08-17 09:18:06,957] [log.py:228] [log:log_response] [WARNING]- Not Found: /stylesheets/application.css
[2020-08-17 09:18:06,999] [log.py:228] [log:log_response] [WARNING]- Not Found: /include/calendar/img.gif
[2020-08-17 09:18:07,038] [log.py:228] [log:log_response] [WARNING]- Not Found: /include/dialog/img/img.gif
[2020-08-17 09:18:07,076] [log.py:228] [log:log_response] [WARNING]- Not Found: /plus/img/channellist.gif
[2020-08-17 09:18:07,114] [log.py:228] [log:log_response] [WARNING]- Not Found: /templets/system/channel_list.htm
[2020-08-17 09:18:07,153] [log.py:228] [log:log_response] [WARNING]- Not Found: /templets/system/part_type_list.htm
[2020-08-17 09:18:07,191] [log.py:228] [log:log_response] [WARNING]- Not Found: /templets/system/part_imginfolist.htm
[2020-08-17 09:18:07,230] [log.py:228] [log:log_response] [WARNING]- Not Found: /data/admin/ver.txt
[2020-08-17 09:18:07,269] [log.py:228] [log:log_response] [WARNING]- Not Found: /data/captcha/captcha_bg1.gif
[2020-08-17 09:18:07,306] [log.py:228] [log:log_response] [WARNING]- Not Found: /data/images/bcastr.swf
[2020-08-17 09:18:07,346] [log.py:228] [log:log_response] [WARNING]- Not Found: /admin/images/no.gif
[2020-08-17 09:18:07,388] [log.py:228] [log:log_response] [WARNING]- Not Found: /images/no_picture.gif
[2020-08-17 09:18:07,427] [log.py:228] [log:log_response] [WARNING]- Not Found: /images/close.gif
[2020-08-17 09:18:07,465] [log.py:228] [log:log_response] [WARNING]- Not Found: /themes/default/images/display_mode_grid.gif
[2020-08-17 09:18:07,505] [log.py:228] [log:log_response] [WARNING]- Not Found: /js/region.js
[2020-08-17 09:18:07,656] [log.py:228] [log:log_response] [WARNING]- Not Found: /r/cms/www/red/img/prompt.jpg
[2020-08-17 09:18:07,695] [log.py:228] [log:log_response] [WARNING]- Not Found: /r/cms/www/red/style/swiper.min.js
[2020-08-17 09:18:07,734] [log.py:228] [log:log_response] [WARNING]- Not Found: /wcm/
[2020-08-17 09:18:07,783] [log.py:228] [log:log_response] [WARNING]- Not Found: /phpMyAdmin/
[2020-08-17 09:18:07,845] [log.py:228] [log:log_response] [WARNING]- Not Found: /phpmyadmin/
[2020-08-17 14:43:31,471] [log.py:228] [log:log_response] [WARNING]- Not Found: /phpmyadmin/
[2020-08-17 17:54:25,087] [log.py:228] [log:log_response] [WARNING]- Not Found: /CSS/Miniweb.css
[2020-08-17 17:54:25,809] [log.py:228] [log:log_response] [WARNING]- Not Found: /Portal0000.htm
[2020-08-17 17:54:25,964] [log.py:228] [log:log_response] [WARNING]- Not Found: /__Additional
[2020-08-18 02:49:34,418] [log.py:228] [log:log_response] [WARNING]- Not Found: /index/index.php
[2020-08-18 03:49:43,142] [log.py:228] [log:log_response] [WARNING]- Not Found: /webfig/
[2020-08-18 04:06:41,038] [log.py:228] [log:log_response] [WARNING]- Not Found: /config/getuser
[2020-08-18 04:40:54,759] [log.py:228] [log:log_response] [WARNING]- Not Found: /phpmyadmin/
[2020-08-18 11:44:32,084] [log.py:228] [log:log_response] [WARNING]- Not Found: /nmaplowercheck1597722271
[2020-08-18 11:44:32,496] [log.py:228] [log:log_response] [WARNING]- Not Found: /evox/about
[2020-08-18 11:44:32,541] [log.py:228] [log:log_response] [WARNING]- Not Found: /HNAP1
[2020-08-18 11:44:32,607] [log.py:228] [log:log_response] [WARNING]- Not Found: /sdk
[2020-08-18 11:44:46,111] [log.py:228] [log:log_response] [WARNING]- Not Found: /favicon.ico
[2020-08-18 13:34:05,782] [log.py:228] [log:log_response] [WARNING]- Not Found: /nmaplowercheck1597728845
[2020-08-18 13:34:05,971] [log.py:228] [log:log_response] [WARNING]- Not Found: /HNAP1
[2020-08-18 13:34:07,333] [log.py:228] [log:log_response] [WARNING]- Not Found: /evox/about
[2020-08-18 13:34:17,766] [log.py:228] [log:log_response] [WARNING]- Not Found: /sdk
[2020-08-18 20:50:37,272] [log.py:228] [log:log_response] [WARNING]- Not Found: /ReportServer
[2020-08-19 02:11:48,458] [log.py:228] [log:log_response] [WARNING]- Not Found: /app/common.js
[2020-08-19 02:11:48,461] [log.py:228] [log:log_response] [WARNING]- Not Found: /cloud-app/include/css/uncall.css
[2020-08-19 02:11:48,465] [log.py:228] [log:log_response] [WARNING]- Not Found: /recordings/misc/recording_popup.php
[2020-08-20 00:07:20,180] [log.py:228] [log:log_response] [WARNING]- Not Found: /robots.txt
[2020-08-20 00:07:24,254] [log.py:228] [log:log_response] [WARNING]- Not Found: /sitemap.xml
[2020-08-20 00:07:25,762] [log.py:228] [log:log_response] [WARNING]- Not Found: /.well-known/security.txt
[2020-08-20 00:07:29,208] [log.py:228] [log:log_response] [WARNING]- Not Found: /favicon.ico
[2020-08-20 01:25:08,186] [log.py:228] [log:log_response] [WARNING]- Not Found: /boaform/admin/formLogin
[2020-08-20 09:22:03,341] [log.py:228] [log:log_response] [WARNING]- Not Found: /index.php
[2020-08-20 10:32:54,032] [log.py:228] [log:log_response] [WARNING]- Not Found: /boaform/admin/formLogin
[2020-08-20 11:18:53,265] [log.py:228] [log:log_response] [WARNING]- Not Found: /shell
[2020-08-20 18:44:55,692] [log.py:228] [log:log_response] [WARNING]- Not Found: /robots.txt
[2020-08-20 18:44:58,253] [log.py:228] [log:log_response] [WARNING]- Not Found: /sitemap.xml
[2020-08-20 18:45:03,503] [log.py:228] [log:log_response] [WARNING]- Not Found: /.well-known/security.txt
[2020-08-20 18:45:06,360] [log.py:228] [log:log_response] [WARNING]- Not Found: /favicon.ico
[2020-08-20 23:47:35,546] [log.py:228] [log:log_response] [WARNING]- Not Found: /robots.txt
[2020-08-20 23:47:36,963] [log.py:228] [log:log_response] [WARNING]- Not Found: /sitemap.xml
[2020-08-20 23:47:38,465] [log.py:228] [log:log_response] [WARNING]- Not Found: /.well-known/security.txt
[2020-08-20 23:47:39,945] [log.py:228] [log:log_response] [WARNING]- Not Found: /favicon.ico
[2020-08-20 23:53:14,755] [log.py:228] [log:log_response] [WARNING]- Not Found: /app/common.js
[2020-08-20 23:53:14,767] [log.py:228] [log:log_response] [WARNING]- Not Found: /recordings/misc/recording_popup.php
[2020-08-20 23:53:14,781] [log.py:228] [log:log_response] [WARNING]- Not Found: /cloud-app/include/css/uncall.css
[2020-08-21 03:15:06,857] [log.py:228] [log:log_response] [WARNING]- Not Found: /api/statistics/service-usage-amount
[2020-08-21 03:15:06,868] [log.py:228] [log:log_response] [WARNING]- Not Found: /404.html
[2020-08-21 03:15:06,870] [log.py:228] [log:log_response] [WARNING]- Not Found: /source/pack/upload/install/ios.php
[2020-08-21 03:15:06,878] [log.py:228] [log:log_response] [WARNING]- Not Found: /404.html
[2020-08-21 04:06:28,628] [log.py:228] [log:log_response] [WARNING]- Not Found: /boaform/admin/formLogin
[2020-08-21 10:34:55,090] [log.py:228] [log:log_response] [WARNING]- Not Found: /robots.txt
[2020-08-21 10:34:56,969] [log.py:228] [log:log_response] [WARNING]- Not Found: /sitemap.xml
[2020-08-21 10:34:58,484] [log.py:228] [log:log_response] [WARNING]- Not Found: /.well-known/security.txt
[2020-08-21 10:35:04,868] [log.py:228] [log:log_response] [WARNING]- Not Found: /favicon.ico
[2020-08-21 16:01:43,432] [log.py:228] [log:log_response] [WARNING]- Not Found: /Public/home/appjs/Index.js
[2020-08-21 19:01:58,803] [log.py:228] [log:log_response] [WARNING]- Not Found: /manager/text/list
[2020-08-21 21:17:53,401] [log.py:228] [log:log_response] [WARNING]- Not Found: /manager/html
[2020-08-21 21:19:31,515] [log.py:228] [log:log_response] [WARNING]- Not Found: /boaform/admin/formLogin
[2020-08-21 22:15:11,689] [log.py:228] [log:log_response] [WARNING]- Not Found: /favicon.ico
[2020-08-22 06:53:54,245] [log.py:228] [log:log_response] [WARNING]- Not Found: /FxCodeShell.jsp 
[2020-08-22 06:53:54,258] [log.py:228] [log:log_response] [WARNING]- Not Found: /FxCodeShell.jsp::$DATA
[2020-08-22 06:53:54,270] [log.py:228] [log:log_response] [WARNING]- Not Found: /FxCodeShell.jsp/
[2020-08-22 06:53:54,283] [log.py:228] [log:log_response] [WARNING]- Not Found: /FxCodeShell.jsp
[2020-08-22 09:33:37,728] [log.py:228] [log:log_response] [WARNING]- Not Found: /portal/redlion
[2020-08-22 11:58:31,803] [log.py:228] [log:log_response] [WARNING]- Not Found: /favicon.ico
[2020-08-22 20:24:55,142] [log.py:228] [log:log_response] [WARNING]- Not Found: /hudson
[2020-08-22 21:03:01,947] [log.py:228] [log:log_response] [WARNING]- Not Found: /ws
[2020-08-22 21:03:02,656] [log.py:228] [log:log_response] [WARNING]- Not Found: /favicon.ico
[2020-08-22 21:09:00,340] [log.py:228] [log:log_response] [WARNING]- Not Found: /api/statistics/service-usage-amount
[2020-08-22 21:09:00,351] [log.py:228] [log:log_response] [WARNING]- Not Found: /source/pack/upload/install/ios.php
[2020-08-22 21:09:00,356] [log.py:228] [log:log_response] [WARNING]- Not Found: /404.html
[2020-08-22 21:09:00,372] [log.py:228] [log:log_response] [WARNING]- Not Found: /404.html
[2020-08-23 04:16:30,367] [log.py:228] [log:log_response] [WARNING]- Not Found: /phpmyadmin/
[2020-08-23 05:32:21,356] [log.py:228] [log:log_response] [WARNING]- Not Found: /muieblackcat
[2020-08-23 05:32:21,758] [log.py:228] [log:log_response] [WARNING]- Not Found: /phpMyAdmin-3.0.0.0-all-languages/scripts/setup.php
[2020-08-23 05:32:22,172] [log.py:228] [log:log_response] [WARNING]- Not Found: /phpMyAdmin-2.10.0.0/scripts/setup.php
[2020-08-23 05:32:22,576] [log.py:228] [log:log_response] [WARNING]- Not Found: /phpMyAdmin-2.11.11/scripts/setup.php
[2020-08-23 05:32:22,980] [log.py:228] [log:log_response] [WARNING]- Not Found: /phpMyAdmin-2.11.11.3/scripts/setup.php
[2020-08-23 05:32:23,389] [log.py:228] [log:log_response] [WARNING]- Not Found: /phpMyAdmin-2.11.11.3/scripts/setup.ph
[2020-08-23 05:32:23,793] [log.py:228] [log:log_response] [WARNING]- Not Found: /phpMyAdmin-2.11.11.3-all-languages/scripts/setup.php
[2020-08-23 05:32:24,198] [log.py:228] [log:log_response] [WARNING]- Not Found: /phpMyAdmin-2/scripts/setup.php
[2020-08-23 05:32:24,606] [log.py:228] [log:log_response] [WARNING]- Not Found: /my/scripts/setup.php
[2020-08-23 05:32:25,012] [log.py:228] [log:log_response] [WARNING]- Not Found: /MyAdmin/scripts/setup.php
[2020-08-23 05:32:25,419] [log.py:228] [log:log_response] [WARNING]- Not Found: /PHPMYADMIN/scripts/setup.php
[2020-08-23 05:32:25,825] [log.py:228] [log:log_response] [WARNING]- Not Found: /db/scripts/setup.php
[2020-08-23 05:32:26,228] [log.py:228] [log:log_response] [WARNING]- Not Found: /dbadmin/scripts/setup.php
[2020-08-23 05:32:26,634] [log.py:228] [log:log_response] [WARNING]- Not Found: /myadmin/scripts/setup.php
[2020-08-23 05:32:27,038] [log.py:228] [log:log_response] [WARNING]- Not Found: /mysql/scripts/setup.php
[2020-08-23 05:32:27,442] [log.py:228] [log:log_response] [WARNING]- Not Found: /mysqladmin/scripts/setup.php
[2020-08-23 05:32:27,848] [log.py:228] [log:log_response] [WARNING]- Not Found: /pHpMyAdMiN/scripts/setup.php
[2020-08-23 05:32:28,254] [log.py:228] [log:log_response] [WARNING]- Not Found: /phpMyAdmin/scripts/setup.php
[2020-08-23 05:32:28,660] [log.py:228] [log:log_response] [WARNING]- Not Found: /phpadmin/scripts/setup.php
[2020-08-23 05:32:29,063] [log.py:228] [log:log_response] [WARNING]- Not Found: /phpmyadmin/scripts/setup.php
[2020-08-23 05:32:29,471] [log.py:228] [log:log_response] [WARNING]- Not Found: /phpmyadmin/scripts/db___.init.php
[2020-08-23 05:32:29,874] [log.py:228] [log:log_response] [WARNING]- Not Found: /phpMyAdmin/scripts/db___.init.php
[2020-08-23 05:32:30,280] [log.py:228] [log:log_response] [WARNING]- Not Found: /sqladm/scripts/setup.php
[2020-08-23 05:32:30,689] [log.py:228] [log:log_response] [WARNING]- Not Found: /sqladmin/scripts/setup.php
[2020-08-23 05:32:31,096] [log.py:228] [log:log_response] [WARNING]- Not Found: /sqlite/main.php
[2020-08-23 05:32:31,502] [log.py:228] [log:log_response] [WARNING]- Not Found: /SQLiteManager/main.php
[2020-08-23 05:32:31,907] [log.py:228] [log:log_response] [WARNING]- Not Found: /sqlitemanager/main.php
[2020-08-23 05:32:32,311] [log.py:228] [log:log_response] [WARNING]- Not Found: /phpmyadmin/scripts/db.init.php
[2020-08-23 05:32:32,721] [log.py:228] [log:log_response] [WARNING]- Not Found: /phpMyAdmin/scripts/db.init.php
[2020-08-23 05:32:33,127] [log.py:228] [log:log_response] [WARNING]- Not Found: /MyAdmin/scripts/setup.php
[2020-08-23 05:32:33,531] [log.py:228] [log:log_response] [WARNING]- Not Found: /database/scripts/setup.php
[2020-08-23 05:32:33,937] [log.py:228] [log:log_response] [WARNING]- Not Found: /phpAdmin/scripts/setup.php
[2020-08-23 05:32:34,342] [log.py:228] [log:log_response] [WARNING]- Not Found: /phpmyadmin1/scripts/setup.php
[2020-08-23 05:32:34,748] [log.py:228] [log:log_response] [WARNING]- Not Found: /phpmyadmin2/scripts/setup.php
[2020-08-23 05:32:35,155] [log.py:228] [log:log_response] [WARNING]- Not Found: /pma/scripts/setup.php
[2020-08-23 05:32:35,562] [log.py:228] [log:log_response] [WARNING]- Not Found: /scripts/setup.php
[2020-08-23 05:32:35,967] [log.py:228] [log:log_response] [WARNING]- Not Found: /setup.php
[2020-08-23 06:26:29,051] [log.py:228] [log:log_response] [WARNING]- Not Found: /boaform/admin/formLogin
[2020-08-23 07:36:55,608] [log.py:228] [log:log_response] [WARNING]- Not Found: /config/getuser
[2020-08-23 09:32:04,120] [log.py:228] [log:log_response] [WARNING]- Not Found: /portal/redlion
[2020-08-23 12:43:59,101] [log.py:228] [log:log_response] [WARNING]- Not Found: /boaform/admin/formLogin
[2020-08-23 13:38:02,880] [log.py:228] [log:log_response] [WARNING]- Not Found: /config/getuser
[2020-08-23 17:21:57,534] [log.py:228] [log:log_response] [WARNING]- Not Found: /favicon.ico
[2020-08-23 17:49:15,400] [log.py:228] [log:log_response] [WARNING]- Not Found: /requested.html
[2020-08-23 17:49:17,435] [log.py:228] [log:log_response] [WARNING]- Not Found: /dev
[2020-08-23 17:49:17,918] [log.py:228] [log:log_response] [WARNING]- Not Found: /.git
[2020-08-23 17:49:21,429] [log.py:228] [log:log_response] [WARNING]- Not Found: /panel
[2020-08-23 20:34:19,802] [log.py:228] [log:log_response] [WARNING]- Not Found: /hudson
[2020-08-24 01:05:47,396] [log.py:228] [log:log_response] [WARNING]- Not Found: /Public/home/appjs/Index.js
[2020-08-24 04:45:10,319] [log.py:228] [log:log_response] [WARNING]- Not Found: /config/getuser
[2020-08-24 08:39:21,972] [log.py:228] [log:log_response] [WARNING]- Not Found: /boaform/admin/formLogin
[2020-08-24 10:14:43,801] [log.py:228] [log:log_response] [WARNING]- Not Found: /config/getuser
[2020-08-24 11:30:17,660] [log.py:228] [log:log_response] [WARNING]- Not Found: /portal/redlion
[2020-08-24 15:00:31,542] [log.py:228] [log:log_response] [WARNING]- Not Found: /boaform/admin/formLogin
[2020-08-24 16:13:08,031] [log.py:228] [log:log_response] [WARNING]- Not Found: /phpmyadmin/
[2020-08-24 20:21:44,368] [log.py:228] [log:log_response] [WARNING]- Not Found: /webdav/
[2020-08-24 20:39:15,827] [log.py:228] [log:log_response] [WARNING]- Not Found: /Portal0000.htm
[2020-08-24 20:39:18,665] [log.py:228] [log:log_response] [WARNING]- Not Found: /__Additional
[2020-08-24 20:39:22,507] [log.py:228] [log:log_response] [WARNING]- Not Found: /CSS/Miniweb.css
[2020-08-24 21:10:11,925] [log.py:228] [log:log_response] [WARNING]- Not Found: /explicit_not_exist_path
[2020-08-24 21:10:12,051] [log.py:228] [log:log_response] [WARNING]- Not Found: /index.html
[2020-08-24 21:10:12,113] [log.py:228] [log:log_response] [WARNING]- Not Found: /index.php
[2020-08-24 21:10:12,176] [log.py:228] [log:log_response] [WARNING]- Not Found: /index.jsp
[2020-08-24 21:10:12,561] [log.py:228] [log:log_response] [WARNING]- Not Found: /favicon.ico
[2020-08-24 21:10:12,646] [log.py:228] [log:log_response] [WARNING]- Not Found: /robots.txt
[2020-08-24 21:10:12,855] [log.py:228] [log:log_response] [WARNING]- Not Found: /404.html
[2020-08-24 21:10:12,902] [log.py:228] [log:log_response] [WARNING]- Not Found: /404.html
[2020-08-24 21:10:13,260] [log.py:228] [log:log_response] [WARNING]- Not Found: /404.html
[2020-08-24 21:10:13,306] [log.py:228] [log:log_response] [WARNING]- Not Found: /500.html
[2020-08-24 21:10:13,352] [log.py:228] [log:log_response] [WARNING]- Not Found: /stylesheets/application.css
[2020-08-24 21:10:13,406] [log.py:228] [log:log_response] [WARNING]- Not Found: /include/calendar/img.gif
[2020-08-24 21:10:13,454] [log.py:228] [log:log_response] [WARNING]- Not Found: /include/dialog/img/img.gif
[2020-08-24 21:10:13,500] [log.py:228] [log:log_response] [WARNING]- Not Found: /plus/img/channellist.gif
[2020-08-24 21:10:13,546] [log.py:228] [log:log_response] [WARNING]- Not Found: /templets/system/channel_list.htm
[2020-08-24 21:10:13,591] [log.py:228] [log:log_response] [WARNING]- Not Found: /templets/system/part_type_list.htm
[2020-08-24 21:10:13,636] [log.py:228] [log:log_response] [WARNING]- Not Found: /templets/system/part_imginfolist.htm
[2020-08-24 21:10:13,681] [log.py:228] [log:log_response] [WARNING]- Not Found: /data/admin/ver.txt
[2020-08-24 21:10:13,726] [log.py:228] [log:log_response] [WARNING]- Not Found: /data/captcha/captcha_bg1.gif
[2020-08-24 21:10:13,771] [log.py:228] [log:log_response] [WARNING]- Not Found: /data/images/bcastr.swf
[2020-08-24 21:10:13,818] [log.py:228] [log:log_response] [WARNING]- Not Found: /admin/images/no.gif
[2020-08-24 21:10:13,862] [log.py:228] [log:log_response] [WARNING]- Not Found: /images/no_picture.gif
[2020-08-24 21:10:13,907] [log.py:228] [log:log_response] [WARNING]- Not Found: /images/close.gif
[2020-08-24 21:10:13,952] [log.py:228] [log:log_response] [WARNING]- Not Found: /themes/default/images/display_mode_grid.gif
[2020-08-24 21:10:13,996] [log.py:228] [log:log_response] [WARNING]- Not Found: /js/region.js
[2020-08-24 21:10:14,102] [log.py:228] [log:log_response] [WARNING]- Not Found: /r/cms/www/red/img/prompt.jpg
[2020-08-24 21:10:14,147] [log.py:228] [log:log_response] [WARNING]- Not Found: /r/cms/www/red/style/swiper.min.js
[2020-08-24 21:10:14,201] [log.py:228] [log:log_response] [WARNING]- Not Found: /wcm/
[2020-08-24 21:10:14,262] [log.py:228] [log:log_response] [WARNING]- Not Found: /phpMyAdmin/
[2020-08-24 21:10:14,324] [log.py:228] [log:log_response] [WARNING]- Not Found: /phpmyadmin/
[2020-08-24 21:24:42,304] [log.py:228] [log:log_response] [WARNING]- Not Found: /hudson
[2020-08-25 00:15:36,118] [log.py:228] [log:log_response] [WARNING]- Not Found: /boaform/admin/formLogin
[2020-08-25 01:28:33,387] [log.py:228] [log:log_response] [WARNING]- Not Found: /boaform/admin/formLogin
[2020-08-25 06:08:26,316] [log.py:228] [log:log_response] [WARNING]- Not Found: /config/getuser
[2020-08-25 08:40:40,617] [log.py:228] [log:log_response] [WARNING]- Not Found: /favicon.ico
[2020-08-25 11:58:32,816] [log.py:228] [log:log_response] [WARNING]- Not Found: /boaform/admin/formLogin
[2020-08-25 13:39:39,985] [log.py:228] [log:log_response] [WARNING]- Not Found: /Telerik.Web.UI.WebResource.axd
[2020-08-25 16:27:28,716] [log.py:228] [log:log_response] [WARNING]- Not Found: /boaform/admin/formLogin
[2020-08-25 18:31:05,405] [log.py:228] [log:log_response] [WARNING]- Not Found: /config/getuser
[2020-08-25 20:38:01,154] [log.py:228] [log:log_response] [WARNING]- Not Found: /ReportServer
[2020-08-25 22:08:38,675] [log.py:228] [log:log_response] [WARNING]- Not Found: /hudson
[2020-08-26 02:37:43,665] [log.py:228] [log:log_response] [WARNING]- Not Found: /nmaplowercheck1598380663
[2020-08-26 02:37:43,667] [log.py:228] [log:log_response] [WARNING]- Not Found: /sdk
[2020-08-26 02:37:44,114] [log.py:228] [log:log_response] [WARNING]- Not Found: /HNAP1
[2020-08-26 02:37:44,162] [log.py:228] [log:log_response] [WARNING]- Not Found: /evox/about
[2020-08-26 02:37:55,353] [log.py:228] [log:log_response] [WARNING]- Not Found: /favicon.ico
[2020-08-26 06:10:54,740] [log.py:228] [log:log_response] [WARNING]- Not Found: /boaform/admin/formLogin
[2020-08-26 11:38:41,961] [log.py:228] [log:log_response] [WARNING]- Not Found: /portal/redlion
[2020-08-26 13:37:59,323] [log.py:228] [log:log_response] [WARNING]- Not Found: /config/getuser
[2020-08-26 13:40:16,576] [log.py:228] [log:log_response] [WARNING]- Not Found: /phpmyadmin/
[2020-08-26 22:09:57,028] [log.py:228] [log:log_response] [WARNING]- Not Found: /hudson
[2020-08-27 00:34:45,608] [log.py:228] [log:log_response] [WARNING]- Not Found: /boaform/admin/formLogin
[2020-08-27 02:35:00,871] [log.py:228] [log:log_response] [WARNING]- Not Found: /boaform/admin/formLogin
[2020-08-27 08:42:33,296] [log.py:228] [log:log_response] [WARNING]- Not Found: /solr/
[2020-08-28 01:22:32,863] [log.py:228] [log:log_response] [WARNING]- Not Found: /QUERY/en-us/msdn/
[2020-08-28 04:04:44,535] [log.py:228] [log:log_response] [WARNING]- Not Found: /webfig/
[2020-08-28 08:32:26,941] [log.py:228] [log:log_response] [WARNING]- Not Found: /phpmyadmin/
[2020-08-28 16:18:00,074] [log.py:228] [log:log_response] [WARNING]- Not Found: /favicon.ico
