[2020-08-07 09:49:11,496] [autoreload.py:598] [autoreload:run_with_reloader] [INFO]- Watching for file changes with StatReloader
[2020-08-07 09:49:16,484] [basehttp.py:157] [basehttp:log_message] [INFO]- "GET / HTTP/1.1" 200 6020
[2020-08-07 09:49:16,624] [basehttp.py:157] [basehttp:log_message] [INFO]- "GET /static/index/index.css HTTP/1.1" 304 0
[2020-08-07 09:49:16,669] [basehttp.py:157] [basehttp:log_message] [INFO]- "GET /static/global.css HTTP/1.1" 304 0
[2020-08-07 09:49:16,671] [basehttp.py:157] [basehttp:log_message] [INFO]- "GET /static/common/header.css HTTP/1.1" 304 0
[2020-08-07 09:49:16,698] [basehttp.py:157] [basehttp:log_message] [INFO]- "GET /static/common/footer.css HTTP/1.1" 304 0
[2020-08-07 09:49:16,746] [basehttp.py:157] [basehttp:log_message] [INFO]- "GET /uploads/avatar/2020/08/timg_5Kj0Goo.jpg HTTP/1.1" 304 0
[2020-08-07 09:49:16,785] [basehttp.py:157] [basehttp:log_message] [INFO]- "GET /uploads/avatar/2020/08/timg.jpg HTTP/1.1" 304 0
[2020-08-07 09:49:16,785] [basehttp.py:157] [basehttp:log_message] [INFO]- "GET /uploads/avatar/2020/08/u16399185752085840004fm26gp0.jpg HTTP/1.1" 304 0
[2020-08-07 09:49:16,847] [basehttp.py:157] [basehttp:log_message] [INFO]- "GET /static/common/imgs/qq.jpg HTTP/1.1" 304 0
[2020-08-07 09:49:16,883] [basehttp.py:157] [basehttp:log_message] [INFO]- "GET /static/common/imgs/wx.png HTTP/1.1" 304 0
[2020-08-07 09:49:17,060] [log.py:228] [log:log_response] [WARNING]- Not Found: /favicon.ico
[2020-08-07 09:49:17,061] [basehttp.py:157] [basehttp:log_message] [WARNING]- "GET /favicon.ico HTTP/1.1" 404 3119
[2020-08-07 09:49:39,647] [basehttp.py:157] [basehttp:log_message] [INFO]- "GET /admin/ HTTP/1.1" 200 8050
[2020-08-07 10:39:36,906] [autoreload.py:598] [autoreload:run_with_reloader] [INFO]- Watching for file changes with StatReloader
[2020-08-07 15:26:40,292] [log.py:228] [log:log_response] [WARNING]- Not Found: /static/index/index.css
[2020-08-07 15:26:40,349] [log.py:228] [log:log_response] [WARNING]- Not Found: /static/common/header.css
[2020-08-07 15:26:40,354] [log.py:228] [log:log_response] [WARNING]- Not Found: /static/common/footer.css
[2020-08-07 15:26:40,359] [log.py:228] [log:log_response] [WARNING]- Not Found: /static/global.css
[2020-08-07 15:26:40,531] [log.py:228] [log:log_response] [WARNING]- Not Found: /static/common/imgs/qq.jpg
[2020-08-07 15:26:40,535] [log.py:228] [log:log_response] [WARNING]- Not Found: /static/common/imgs/wx.png
[2020-08-07 15:27:49,394] [log.py:228] [log:log_response] [WARNING]- Not Found: /static/index/index.css
[2020-08-07 15:27:49,422] [log.py:228] [log:log_response] [WARNING]- Not Found: /static/common/header.css
[2020-08-07 15:27:49,425] [log.py:228] [log:log_response] [WARNING]- Not Found: /static/global.css
[2020-08-07 15:27:49,447] [log.py:228] [log:log_response] [WARNING]- Not Found: /static/common/footer.css
[2020-08-07 15:27:49,456] [log.py:228] [log:log_response] [WARNING]- Not Found: /static/common/imgs/qq.jpg
[2020-08-07 15:27:49,461] [log.py:228] [log:log_response] [WARNING]- Not Found: /static/common/imgs/wx.png
[2020-08-07 15:27:54,881] [log.py:228] [log:log_response] [WARNING]- Not Found: /static/index/index.css
[2020-08-07 15:27:54,929] [log.py:228] [log:log_response] [WARNING]- Not Found: /static/global.css
[2020-08-07 15:27:54,932] [log.py:228] [log:log_response] [WARNING]- Not Found: /static/common/header.css
[2020-08-07 15:27:54,935] [log.py:228] [log:log_response] [WARNING]- Not Found: /static/common/footer.css
[2020-08-07 15:27:54,966] [log.py:228] [log:log_response] [WARNING]- Not Found: /static/common/imgs/qq.jpg
[2020-08-07 15:27:54,999] [log.py:228] [log:log_response] [WARNING]- Not Found: /static/common/imgs/wx.png
[2020-08-07 15:27:56,262] [log.py:228] [log:log_response] [WARNING]- Not Found: /static/Timeline/Timeline.css
[2020-08-07 15:27:56,295] [log.py:228] [log:log_response] [WARNING]- Not Found: /static/common/recommend.css
[2020-08-07 15:27:56,298] [log.py:228] [log:log_response] [WARNING]- Not Found: /static/aboutme/aboutme.css
[2020-08-07 15:27:56,302] [log.py:228] [log:log_response] [WARNING]- Not Found: /static/global.css
[2020-08-07 15:27:56,305] [log.py:228] [log:log_response] [WARNING]- Not Found: /static/common/header.css
[2020-08-07 15:27:56,308] [log.py:228] [log:log_response] [WARNING]- Not Found: /static/common/footer.css
[2020-08-07 15:27:56,365] [log.py:228] [log:log_response] [WARNING]- Not Found: /static/common/imgs/qq.jpg
[2020-08-07 15:27:56,395] [log.py:228] [log:log_response] [WARNING]- Not Found: /static/common/imgs/wx.png
[2020-08-07 21:31:38,459] [log.py:228] [log:log_response] [WARNING]- Not Found: /404.html
[2020-08-07 21:31:38,505] [log.py:228] [log:log_response] [WARNING]- Not Found: /404.html
[2020-08-07 21:31:38,507] [log.py:228] [log:log_response] [WARNING]- Not Found: /404.html
[2020-08-07 21:31:41,970] [log.py:228] [log:log_response] [WARNING]- Not Found: /404.html
[2020-08-07 21:31:41,971] [log.py:228] [log:log_response] [WARNING]- Not Found: /404.html
[2020-08-07 21:31:42,004] [log.py:228] [log:log_response] [WARNING]- Not Found: /404.html
[2020-08-07 21:31:45,754] [log.py:228] [log:log_response] [WARNING]- Not Found: /404.html
[2020-08-07 21:31:45,755] [log.py:228] [log:log_response] [WARNING]- Not Found: /404.html
[2020-08-07 21:31:45,756] [log.py:228] [log:log_response] [WARNING]- Not Found: /404.html
[2020-08-07 21:42:10,271] [log.py:228] [log:log_response] [WARNING]- Not Found: /ind
[2020-08-07 22:33:37,789] [log.py:228] [log:log_response] [WARNING]- Not Found: /vicidial/admin.php
[2020-08-08 06:34:03,074] [log.py:228] [log:log_response] [WARNING]- Not Found: /boaform/admin/formLogin
[2020-08-08 10:23:56,514] [log.py:228] [log:log_response] [WARNING]- Not Found: /epa/scripts/win/nsepa_setup.exe
[2020-08-08 16:15:28,090] [log.py:228] [log:log_response] [WARNING]- Not Found: /favicon.ico
[2020-08-08 20:41:43,061] [log.py:228] [log:log_response] [WARNING]- Not Found: /favicon.ico
[2020-08-08 23:51:31,707] [log.py:228] [log:log_response] [WARNING]- Not Found: /nmaplowercheck1596901891
[2020-08-08 23:51:31,882] [log.py:228] [log:log_response] [WARNING]- Not Found: /evox/about
[2020-08-08 23:51:42,466] [log.py:228] [log:log_response] [WARNING]- Not Found: /sdk
[2020-08-08 23:51:44,610] [log.py:228] [log:log_response] [WARNING]- Not Found: /HNAP1
[2020-08-09 02:05:55,803] [log.py:228] [log:log_response] [WARNING]- Not Found: /blog/xmlrpc.php
[2020-08-09 02:05:55,815] [log.py:228] [log:log_response] [WARNING]- Not Found: /xmlrpc.php
[2020-08-09 03:06:40,701] [log.py:228] [log:log_response] [WARNING]- Not Found: /goform/webLogin
[2020-08-09 03:50:00,340] [log.py:228] [log:log_response] [WARNING]- Not Found: /boaform/admin/formLogin
[2020-08-09 09:08:57,694] [log.py:228] [log:log_response] [WARNING]- Not Found: /boaform/admin/formLogin
[2020-08-09 10:00:34,518] [log.py:228] [log:log_response] [WARNING]- Not Found: /favicon.ico
[2020-08-09 14:32:30,628] [log.py:228] [log:log_response] [WARNING]- Not Found: /explicit_not_exist_path
[2020-08-09 14:32:30,728] [log.py:228] [log:log_response] [WARNING]- Not Found: /index.html
[2020-08-09 14:32:30,769] [log.py:228] [log:log_response] [WARNING]- Not Found: /index.php
[2020-08-09 14:32:30,810] [log.py:228] [log:log_response] [WARNING]- Not Found: /index.jsp
[2020-08-09 14:32:31,151] [log.py:228] [log:log_response] [WARNING]- Not Found: /favicon.ico
[2020-08-09 14:32:31,213] [log.py:228] [log:log_response] [WARNING]- Not Found: /robots.txt
[2020-08-09 14:32:31,360] [log.py:228] [log:log_response] [WARNING]- Not Found: /404.html
[2020-08-09 14:32:31,393] [log.py:228] [log:log_response] [WARNING]- Not Found: /404.html
[2020-08-09 14:32:31,657] [log.py:228] [log:log_response] [WARNING]- Not Found: /404.html
[2020-08-09 14:32:31,690] [log.py:228] [log:log_response] [WARNING]- Not Found: /500.html
[2020-08-09 14:32:31,723] [log.py:228] [log:log_response] [WARNING]- Not Found: /stylesheets/application.css
[2020-08-09 14:32:31,764] [log.py:228] [log:log_response] [WARNING]- Not Found: /include/calendar/img.gif
[2020-08-09 14:32:31,796] [log.py:228] [log:log_response] [WARNING]- Not Found: /include/dialog/img/img.gif
[2020-08-09 14:32:31,827] [log.py:228] [log:log_response] [WARNING]- Not Found: /plus/img/channellist.gif
[2020-08-09 14:32:31,860] [log.py:228] [log:log_response] [WARNING]- Not Found: /templets/system/channel_list.htm
[2020-08-09 14:32:31,892] [log.py:228] [log:log_response] [WARNING]- Not Found: /templets/system/part_type_list.htm
[2020-08-09 14:32:31,924] [log.py:228] [log:log_response] [WARNING]- Not Found: /templets/system/part_imginfolist.htm
[2020-08-09 14:32:31,957] [log.py:228] [log:log_response] [WARNING]- Not Found: /data/admin/ver.txt
[2020-08-09 14:32:32,059] [log.py:228] [log:log_response] [WARNING]- Not Found: /r/cms/www/red/img/prompt.jpg
[2020-08-09 14:32:32,092] [log.py:228] [log:log_response] [WARNING]- Not Found: /r/cms/www/red/style/swiper.min.js
[2020-08-09 14:32:32,124] [log.py:228] [log:log_response] [WARNING]- Not Found: /wcm/
[2020-08-09 14:32:32,164] [log.py:228] [log:log_response] [WARNING]- Not Found: /phpMyAdmin/
[2020-08-09 14:32:32,204] [log.py:228] [log:log_response] [WARNING]- Not Found: /phpmyadmin/
[2020-08-09 16:15:34,864] [log.py:228] [log:log_response] [WARNING]- Not Found: /boaform/admin/formLogin
[2020-08-09 21:39:45,884] [log.py:228] [log:log_response] [WARNING]- Not Found: /config/getuser
[2020-08-09 21:54:01,156] [log.py:228] [log:log_response] [WARNING]- Not Found: /config/getuser
[2020-08-09 23:17:41,839] [log.py:228] [log:log_response] [WARNING]- Not Found: /w00tw00t.at.blackhats.romanian.anti-sec:)
[2020-08-09 23:17:42,507] [log.py:228] [log:log_response] [WARNING]- Not Found: /phpmyadmin/scripts/setup.php
[2020-08-09 23:17:43,174] [log.py:228] [log:log_response] [WARNING]- Not Found: /pma/scripts/setup.php
[2020-08-09 23:17:43,852] [log.py:228] [log:log_response] [WARNING]- Not Found: /myadmin/scripts/setup.php
[2020-08-09 23:23:29,564] [log.py:228] [log:log_response] [WARNING]- Not Found: /config/getuser
[2020-08-10 00:31:12,617] [log.py:228] [log:log_response] [WARNING]- Not Found: /boaform/admin/formLogin
[2020-08-10 02:53:05,686] [log.py:228] [log:log_response] [WARNING]- Not Found: /boaform/admin/formLogin
[2020-08-10 02:53:59,473] [log.py:228] [log:log_response] [WARNING]- Not Found: /HNAP1/
[2020-08-10 03:06:58,012] [log.py:228] [log:log_response] [WARNING]- Not Found: /config/getuser
[2020-08-10 04:55:14,636] [log.py:228] [log:log_response] [WARNING]- Not Found: /boaform/admin/formLogin
[2020-08-10 06:09:55,890] [log.py:228] [log:log_response] [WARNING]- Not Found: /robots.txt
[2020-08-10 06:09:57,463] [log.py:228] [log:log_response] [WARNING]- Not Found: /sitemap.xml
[2020-08-10 06:09:59,031] [log.py:228] [log:log_response] [WARNING]- Not Found: /.well-known/security.txt
[2020-08-10 06:10:02,537] [log.py:228] [log:log_response] [WARNING]- Not Found: /favicon.ico
[2020-08-10 09:17:49,062] [log.py:228] [log:log_response] [WARNING]- Not Found: /boaform/admin/formLogin
[2020-08-10 09:46:58,067] [log.py:228] [log:log_response] [WARNING]- Not Found: /favicon.ico
[2020-08-10 09:48:18,149] [log.py:228] [log:log_response] [WARNING]- Not Found: /favicon.ico
[2020-08-10 09:53:42,912] [log.py:228] [log:log_response] [WARNING]- Not Found: /favicon.ico
[2020-08-10 10:38:01,681] [log.py:228] [log:log_response] [WARNING]- Not Found: /boaform/admin/formLogin
[2020-08-10 13:00:56,223] [log.py:228] [log:log_response] [WARNING]- Not Found: /shell
[2020-08-10 13:07:42,058] [log.py:228] [log:log_response] [WARNING]- Not Found: /config/getuser
[2020-08-10 13:36:35,634] [log.py:228] [log:log_response] [WARNING]- Not Found: /boaform/admin/formLogin
[2020-08-10 14:39:13,229] [log.py:228] [log:log_response] [WARNING]- Not Found: /config/getuser
[2020-08-10 15:29:06,221] [log.py:228] [log:log_response] [WARNING]- Not Found: /sdk
[2020-08-10 15:29:10,537] [log.py:228] [log:log_response] [WARNING]- Not Found: /nmaplowercheck1597044564
[2020-08-10 15:29:11,825] [log.py:228] [log:log_response] [WARNING]- Not Found: /HNAP1
[2020-08-10 21:19:10,251] [log.py:228] [log:log_response] [WARNING]- Not Found: /w00tw00t.at.blackhats.romanian.anti-sec:)
[2020-08-10 21:19:13,633] [log.py:228] [log:log_response] [WARNING]- Not Found: /my/scripts/setup.php
[2020-08-10 21:19:14,543] [log.py:228] [log:log_response] [WARNING]- Not Found: /MyAdmin/scripts/setup.php
[2020-08-10 21:19:15,477] [log.py:228] [log:log_response] [WARNING]- Not Found: /PHPMYADMIN/scripts/setup.php
[2020-08-10 21:19:17,460] [log.py:228] [log:log_response] [WARNING]- Not Found: /db/scripts/setup.php
[2020-08-10 21:19:17,836] [log.py:228] [log:log_response] [WARNING]- Not Found: /dbadmin/scripts/setup.php
[2020-08-10 21:19:18,200] [log.py:228] [log:log_response] [WARNING]- Not Found: /myadmin/scripts/setup.php
[2020-08-10 21:19:18,564] [log.py:228] [log:log_response] [WARNING]- Not Found: /mysql/scripts/setup.php
[2020-08-10 21:19:18,928] [log.py:228] [log:log_response] [WARNING]- Not Found: /mysqladmin/scripts/setup.php
[2020-08-10 21:19:22,842] [log.py:228] [log:log_response] [WARNING]- Not Found: /phpMyAdmin/scripts/setup.php
[2020-08-10 21:19:26,211] [log.py:228] [log:log_response] [WARNING]- Not Found: /phpmyadmin/scripts/setup.php
[2020-08-10 21:19:27,112] [log.py:228] [log:log_response] [WARNING]- Not Found: /sqladm/scripts/setup.php
[2020-08-10 21:19:30,485] [log.py:228] [log:log_response] [WARNING]- Not Found: /phpmyadmin/scripts/db.init.php
[2020-08-10 21:19:31,856] [log.py:228] [log:log_response] [WARNING]- Not Found: /phpMyAdmin/scripts/db.init.php
[2020-08-10 21:19:32,226] [log.py:228] [log:log_response] [WARNING]- Not Found: /MyAdmin/scripts/setup.php
[2020-08-10 21:19:32,592] [log.py:228] [log:log_response] [WARNING]- Not Found: /database/scripts/setup.php
[2020-08-10 21:19:32,959] [log.py:228] [log:log_response] [WARNING]- Not Found: /phpAdmin/scripts/setup.php
[2020-08-10 21:19:33,330] [log.py:228] [log:log_response] [WARNING]- Not Found: /phpmyadmin1/scripts/setup.php
[2020-08-10 21:19:37,476] [log.py:228] [log:log_response] [WARNING]- Not Found: /phpmyadmin2/scripts/setup.php
[2020-08-10 21:19:38,840] [log.py:228] [log:log_response] [WARNING]- Not Found: /pma/scripts/setup.php
[2020-08-10 21:19:39,744] [log.py:228] [log:log_response] [WARNING]- Not Found: /scripts/setup.php
[2020-08-10 21:19:40,654] [log.py:228] [log:log_response] [WARNING]- Not Found: /setup.php
